{
  "RSpec": {
    "coverage": {
      "/Users/oame/Repos/oameya/torapic/app/controllers/application_controller.rb": [
        1,
        1,
        1,
        null
      ],
      "/Users/oame/Repos/oameya/torapic/app/helpers/application_helper.rb": [
        1,
        null
      ],
      "/Users/oame/Repos/oameya/torapic/app/helpers/photos_helper.rb": [
        1,
        null
      ],
      "/Users/oame/Repos/oameya/torapic/app/helpers/static_pages_helper.rb": [
        1,
        null
      ],
      "/Users/oame/Repos/oameya/torapic/app/models/admin_user.rb": [
        null,
        null,
        null,
        null,
        null,
        null,
        null,
        null,
        null,
        null,
        null,
        null,
        null,
        null,
        null,
        null,
        null,
        null,
        null,
        1,
        null,
        null,
        1,
        null,
        null
      ],
      "/Users/oame/Repos/oameya/torapic/app/admin/admin_user.rb": [
        1,
        1,
        null,
        1,
        0,
        0,
        0,
        0,
        0,
        null,
        null,
        1,
        null,
        1,
        0,
        0,
        0,
        0,
        null,
        0,
        null,
        null,
        null
      ],
      "/Users/oame/Repos/oameya/torapic/app/admin/dashboard.rb": [
        1,
        null,
        1,
        null,
        1,
        0,
        0,
        0,
        0,
        null,
        null,
        null,
        null,
        null,
        null,
        null,
        null,
        null,
        null,
        null,
        null,
        null,
        null,
        null,
        null,
        null,
        null,
        null,
        null,
        null,
        null,
        null,
        null
      ],
      "/Users/oame/Repos/oameya/torapic/app/admin/photo.rb": [
        1,
        1,
        null
      ],
      "/Users/oame/Repos/oameya/torapic/app/models/photo.rb": [
        null,
        null,
        null,
        null,
        null,
        null,
        null,
        null,
        null,
        null,
        null,
        null,
        null,
        null,
        null,
        null,
        1,
        1,
        null,
        1,
        null,
        null,
        1,
        1,
        1,
        null,
        1,
        0,
        null,
        null
      ],
      "/Users/oame/Repos/oameya/torapic/app/models/user.rb": [
        null,
        null,
        null,
        null,
        null,
        null,
        null,
        null,
        null,
        null,
        null,
        null,
        null,
        null,
        null,
        null,
        null,
        null,
        null,
        null,
        null,
        null,
        null,
        1,
        1,
        null,
        null,
        null,
        1,
        null,
        1,
        null,
        1,
        0,
        null,
        null,
        1,
        0,
        null,
        null,
        1,
        0,
        0,
        0,
        null,
        null,
        null,
        null,
        null,
        null,
        null,
        0,
        null,
        null
      ],
      "/Users/oame/Repos/oameya/torapic/app/controllers/photos_controller.rb": [
        1,
        1,
        null,
        1,
        1,
        1,
        null,
        1,
        0,
        null,
        null,
        1,
        0,
        0,
        null,
        null,
        1,
        null,
        1,
        0,
        null,
        null,
        1,
        0,
        null,
        null,
        1,
        0,
        null,
        null
      ],
      "/Users/oame/Repos/oameya/torapic/app/controllers/static_pages_controller.rb": [
        1,
        1,
        null,
        null,
        null
      ]
    },
    "timestamp": 1394190331
  }
}
